app/build/outputs/logs/manifest-merger-debug-report.txt
-- Merging decision tree log ---
manifest
<<<<<<< HEAD
ADDED from src/main/AndroidManifest.xml:2:1-93:12
	package
		ADDED from src/main/AndroidManifest.xml:4:5-65
	android:versionName
		INJECTED from src/main/AndroidManifest.xml
		INJECTED from src/main/AndroidManifest.xml
	xmlns:tools
		ADDED from src/main/AndroidManifest.xml:3:5-51
=======
ADDED from src/main/AndroidManifest.xml:2:1-89:12
	package
		ADDED from src/main/AndroidManifest.xml:4:5-65
	android:versionName
		INJECTED from src/main/AndroidManifest.xml
		INJECTED from src/main/AndroidManifest.xml
	xmlns:tools
		ADDED from src/main/AndroidManifest.xml:3:5-51
>>>>>>> 6a751608f7bebed5955ecaa055ab66641671b1bd
	xmlns:android
		ADDED from src/main/AndroidManifest.xml:2:11-69
	android:versionCode
		INJECTED from src/main/AndroidManifest.xml
		INJECTED from src/main/AndroidManifest.xml
uses-permission#android.permission.INTERNET
<<<<<<< HEAD
ADDED from src/main/AndroidManifest.xml:7:5-67
MERGED from [com.google.android.gms:play-services-analytics:10.2.0] AndroidManifest.xml:20:5-66
MERGED from [com.google.android.gms:play-services-analytics-impl:10.2.0] AndroidManifest.xml:20:5-66
	android:name
		ADDED from src/main/AndroidManifest.xml:7:22-64
uses-permission#android.permission.ACCESS_NETWORK_STATE
ADDED from src/main/AndroidManifest.xml:8:5-79
MERGED from [com.google.android.gms:play-services-analytics:10.2.0] AndroidManifest.xml:21:5-78
MERGED from [com.google.android.gms:play-services-analytics-impl:10.2.0] AndroidManifest.xml:21:5-78
	android:name
		ADDED from src/main/AndroidManifest.xml:8:22-76
uses-permission#android.permission.READ_PHONE_STATE
ADDED from src/main/AndroidManifest.xml:9:5-75
	android:name
		ADDED from src/main/AndroidManifest.xml:9:22-72
uses-permission#android.permission.READ_CONTACTS
ADDED from src/main/AndroidManifest.xml:10:5-72
	android:name
		ADDED from src/main/AndroidManifest.xml:10:22-69
uses-permission#android.permission.READ_PROFILE
ADDED from src/main/AndroidManifest.xml:11:5-71
	android:name
		ADDED from src/main/AndroidManifest.xml:11:22-68
uses-feature#android.hardware.camera
ADDED from src/main/AndroidManifest.xml:13:5-60
MERGED from [:card.io-5.3.0:] AndroidManifest.xml:14:5-16:36
	android:name
		ADDED from src/main/AndroidManifest.xml:13:19-57
uses-permission#android.permission.CAMERA
ADDED from src/main/AndroidManifest.xml:15:5-65
MERGED from [:card.io-5.3.0:] AndroidManifest.xml:11:5-65
	android:name
		ADDED from src/main/AndroidManifest.xml:15:22-62
uses-permission#android.permission.VIBRATE
ADDED from src/main/AndroidManifest.xml:22:5-66
MERGED from [:card.io-5.3.0:] AndroidManifest.xml:12:5-66
	android:name
		ADDED from src/main/AndroidManifest.xml:22:22-63
uses-permission#android.permission.USE_FINGERPRINT
ADDED from src/main/AndroidManifest.xml:25:5-74
	android:name
		ADDED from src/main/AndroidManifest.xml:25:22-71
uses-permission#com.samsung.android.providers.context.permission.WRITE_USE_APP_FEATURE_SURVEY
ADDED from src/main/AndroidManifest.xml:28:5-117
	android:name
		ADDED from src/main/AndroidManifest.xml:28:22-114
application
ADDED from src/main/AndroidManifest.xml:33:5-91:19
MERGED from [:VisaCheckout-Android-SDK-4.3:] AndroidManifest.xml:11:5-22:19
MERGED from [:facebook-android-sdk-3.23.1:] AndroidManifest.xml:24:5-20
MERGED from [:card.io-5.3.0:] AndroidManifest.xml:21:5-26:19
MERGED from [com.android.support:design:24.2.0] AndroidManifest.xml:22:5-20
MERGED from [com.android.support:appcompat-v7:24.2.0] AndroidManifest.xml:25:5-20
MERGED from [com.android.support:support-vector-drawable:24.2.0] AndroidManifest.xml:23:5-20
MERGED from [com.android.support:support-compat:24.2.0] AndroidManifest.xml:25:5-20
MERGED from [com.android.support:animated-vector-drawable:24.2.0] AndroidManifest.xml:22:5-20
MERGED from [com.android.support:support-v4:24.2.0] AndroidManifest.xml:25:5-20
MERGED from [com.android.support:support-core-utils:24.2.0] AndroidManifest.xml:25:5-20
MERGED from [com.android.support:support-media-compat:24.2.0] AndroidManifest.xml:25:5-20
MERGED from [com.android.support:support-core-ui:24.2.0] AndroidManifest.xml:25:5-20
MERGED from [com.android.support:support-fragment:24.2.0] AndroidManifest.xml:25:5-20
MERGED from [com.google.android.gms:play-services-vision:10.2.0] AndroidManifest.xml:4:5-19
MERGED from [com.google.android.gms:play-services-base:10.2.0] AndroidManifest.xml:18:5-20:19
MERGED from [com.google.android.gms:play-services-basement:10.2.0] AndroidManifest.xml:19:5-21:19
MERGED from [com.google.android.gms:play-services-tasks:10.2.0] AndroidManifest.xml:4:5-19
MERGED from [com.google.android.gms:play-services-analytics:10.2.0] AndroidManifest.xml:26:5-19
MERGED from [com.google.android.gms:play-services-analytics-impl:10.2.0] AndroidManifest.xml:26:5-19
MERGED from [com.google.android.gms:play-services-tagmanager-v4-impl:10.2.0] AndroidManifest.xml:19:5-19
	android:label
		ADDED from src/main/AndroidManifest.xml:37:9-41
	android:allowBackup
		ADDED from src/main/AndroidManifest.xml:34:9-36
		REJECTED from [:VisaCheckout-Android-SDK-4.3:] AndroidManifest.xml:11:18-45
	android:theme
		ADDED from src/main/AndroidManifest.xml:39:9-47
	tools:replace
		ADDED from src/main/AndroidManifest.xml:40:9-72
activity#com.visa.checkout.VisaMcomActivity
ADDED from src/main/AndroidManifest.xml:43:9-45:100
	android:configChanges
		ADDED from src/main/AndroidManifest.xml:45:13-97
	android:name
		ADDED from src/main/AndroidManifest.xml:44:13-62
activity#com.visa.android.integration.checkoutsampleapp.app.PaymentStartActivity
ADDED from src/main/AndroidManifest.xml:46:9-49:52
	android:screenOrientation
		ADDED from src/main/AndroidManifest.xml:49:13-49
	android:label
		ADDED from src/main/AndroidManifest.xml:48:13-45
	android:name
		ADDED from src/main/AndroidManifest.xml:47:13-49
activity#com.visa.android.integration.checkoutsampleapp.app.PaymentSummaryActivity
ADDED from src/main/AndroidManifest.xml:50:9-53:52
	android:screenOrientation
		ADDED from src/main/AndroidManifest.xml:53:13-49
	android:label
		ADDED from src/main/AndroidManifest.xml:52:13-45
	android:name
		ADDED from src/main/AndroidManifest.xml:51:13-51
activity#com.visa.android.integration.checkoutsampleapp.app.ConfigurePaymentActivity
ADDED from src/main/AndroidManifest.xml:55:9-57:52
	android:screenOrientation
		ADDED from src/main/AndroidManifest.xml:57:13-49
	android:name
		ADDED from src/main/AndroidManifest.xml:56:13-53
activity#com.visa.android.integration.checkoutsampleapp.app.BarcodeCaptureActivity
ADDED from src/main/AndroidManifest.xml:59:9-60:43
	android:label
		ADDED from src/main/AndroidManifest.xml:60:13-41
	android:name
		ADDED from src/main/AndroidManifest.xml:59:19-57
activity#com.visa.android.integration.checkoutsampleapp.app.bar
ADDED from src/main/AndroidManifest.xml:62:9-63:51
	android:screenOrientation
		ADDED from src/main/AndroidManifest.xml:63:13-49
	android:name
		ADDED from src/main/AndroidManifest.xml:62:19-38
activity#io.card.payment.CardIOActivity
ADDED from src/main/AndroidManifest.xml:66:9-70:52
MERGED from [:card.io-5.3.0:] AndroidManifest.xml:22:9-24:66
	android:screenOrientation
		ADDED from src/main/AndroidManifest.xml:70:13-49
	android:hardwareAccelerated
		ADDED from src/main/AndroidManifest.xml:69:13-47
	android:configChanges
		ADDED from src/main/AndroidManifest.xml:68:13-63
	android:name
		ADDED from src/main/AndroidManifest.xml:67:13-58
activity#io.card.payment.DataEntryActivity
ADDED from src/main/AndroidManifest.xml:71:9-73:52
MERGED from [:card.io-5.3.0:] AndroidManifest.xml:25:9-70
	android:screenOrientation
		ADDED from src/main/AndroidManifest.xml:73:13-49
	android:name
		ADDED from src/main/AndroidManifest.xml:72:13-61
meta-data#com.facebook.sdk.ApplicationId
ADDED from src/main/AndroidManifest.xml:76:9-78:55
	android:value
		ADDED from src/main/AndroidManifest.xml:78:13-52
	android:name
		ADDED from src/main/AndroidManifest.xml:77:13-58
activity#com.visa.android.integration.checkoutsampleapp.app.FirstScreen
ADDED from src/main/AndroidManifest.xml:80:9-88:20
	android:screenOrientation
		ADDED from src/main/AndroidManifest.xml:82:13-49
	android:name
		ADDED from src/main/AndroidManifest.xml:81:13-40
intent-filter#android.intent.action.MAIN+android.intent.category.LAUNCHER
ADDED from src/main/AndroidManifest.xml:83:13-87:29
action#android.intent.action.MAIN
ADDED from src/main/AndroidManifest.xml:84:17-69
	android:name
		ADDED from src/main/AndroidManifest.xml:84:25-66
category#android.intent.category.LAUNCHER
ADDED from src/main/AndroidManifest.xml:86:17-77
	android:name
		ADDED from src/main/AndroidManifest.xml:86:27-74
activity#com.visa.android.integration.checkoutsampleapp.app.listDrinksActivity
ADDED from src/main/AndroidManifest.xml:89:9-56
	android:name
		ADDED from src/main/AndroidManifest.xml:89:19-53
activity#com.visa.android.integration.checkoutsampleapp.app.addMerchantManually
ADDED from src/main/AndroidManifest.xml:90:9-66
	android:name
		ADDED from src/main/AndroidManifest.xml:90:19-54
uses-sdk
INJECTED from src/main/AndroidManifest.xml reason: use-sdk injection requested
MERGED from [com.android.support:multidex:1.0.1] AndroidManifest.xml:18:5-42
MERGED from [:VisaCheckout-Android-SDK-4.3:] AndroidManifest.xml:7:5-9:41
MERGED from [:facebook-android-sdk-3.23.1:] AndroidManifest.xml:20:5-22:41
MERGED from [:card.io-5.3.0:] AndroidManifest.xml:7:5-9:41
MERGED from [com.android.support:design:24.2.0] AndroidManifest.xml:20:5-43
MERGED from [com.android.support:appcompat-v7:24.2.0] AndroidManifest.xml:21:5-23:78
MERGED from [com.android.support:support-vector-drawable:24.2.0] AndroidManifest.xml:21:5-43
MERGED from [com.android.support:support-compat:24.2.0] AndroidManifest.xml:21:5-23:58
MERGED from [com.android.support:animated-vector-drawable:24.2.0] AndroidManifest.xml:20:5-44
MERGED from [com.android.support:support-v4:24.2.0] AndroidManifest.xml:21:5-23:54
MERGED from [com.android.support:support-core-utils:24.2.0] AndroidManifest.xml:21:5-23:61
MERGED from [com.android.support:support-media-compat:24.2.0] AndroidManifest.xml:21:5-23:63
MERGED from [com.android.support:support-core-ui:24.2.0] AndroidManifest.xml:21:5-23:58
MERGED from [com.android.support:support-fragment:24.2.0] AndroidManifest.xml:21:5-23:60
MERGED from [com.android.support:recyclerview-v7:24.2.0] AndroidManifest.xml:20:5-43
MERGED from [com.google.android.gms:play-services-vision:10.2.0] AndroidManifest.xml:3:5-43
MERGED from [com.google.android.gms:play-services-base:10.2.0] AndroidManifest.xml:17:5-43
MERGED from [com.google.android.gms:play-services-basement:10.2.0] AndroidManifest.xml:17:5-43
MERGED from [com.google.android.gms:play-services-tasks:10.2.0] AndroidManifest.xml:3:5-43
MERGED from [com.google.android.gms:play-services-analytics:10.2.0] AndroidManifest.xml:17:5-43
MERGED from [com.google.android.gms:play-services-analytics-impl:10.2.0] AndroidManifest.xml:17:5-43
MERGED from [com.google.android.gms:play-services-tagmanager-v4-impl:10.2.0] AndroidManifest.xml:17:5-43
	tools:overrideLibrary
		ADDED from [com.android.support:appcompat-v7:24.2.0] AndroidManifest.xml:23:9-75
=======
ADDED from src/main/AndroidManifest.xml:7:5-67
MERGED from [:play-services-analytics-8.1.0:] AndroidManifest.xml:21:5-67
MERGED from [:play-services-ads-8.1.0:] AndroidManifest.xml:20:5-66
	android:name
		ADDED from src/main/AndroidManifest.xml:7:22-64
uses-permission#android.permission.ACCESS_NETWORK_STATE
ADDED from src/main/AndroidManifest.xml:8:5-79
MERGED from [:play-services-analytics-8.1.0:] AndroidManifest.xml:22:5-79
MERGED from [:play-services-ads-8.1.0:] AndroidManifest.xml:21:5-78
	android:name
		ADDED from src/main/AndroidManifest.xml:8:22-76
uses-permission#android.permission.READ_PHONE_STATE
ADDED from src/main/AndroidManifest.xml:9:5-75
	android:name
		ADDED from src/main/AndroidManifest.xml:9:22-72
uses-permission#android.permission.READ_CONTACTS
ADDED from src/main/AndroidManifest.xml:10:5-72
	android:name
		ADDED from src/main/AndroidManifest.xml:10:22-69
uses-permission#android.permission.READ_PROFILE
ADDED from src/main/AndroidManifest.xml:11:5-71
	android:name
		ADDED from src/main/AndroidManifest.xml:11:22-68
uses-permission#android.permission.CAMERA
ADDED from src/main/AndroidManifest.xml:14:5-65
MERGED from [:card.io-5.3.0:] AndroidManifest.xml:11:5-65
	android:name
		ADDED from src/main/AndroidManifest.xml:14:22-62
uses-permission#android.permission.VIBRATE
ADDED from src/main/AndroidManifest.xml:17:5-66
MERGED from [:card.io-5.3.0:] AndroidManifest.xml:12:5-66
	android:name
		ADDED from src/main/AndroidManifest.xml:17:22-63
uses-permission#android.permission.USE_FINGERPRINT
ADDED from src/main/AndroidManifest.xml:20:5-74
	android:name
		ADDED from src/main/AndroidManifest.xml:20:22-71
uses-permission#com.samsung.android.providers.context.permission.WRITE_USE_APP_FEATURE_SURVEY
ADDED from src/main/AndroidManifest.xml:23:5-117
	android:name
		ADDED from src/main/AndroidManifest.xml:23:22-114
uses-feature#android.hardware.camera
ADDED from src/main/AndroidManifest.xml:26:5-28:36
MERGED from [:card.io-5.3.0:] AndroidManifest.xml:14:5-16:36
	android:required
		ADDED from src/main/AndroidManifest.xml:28:9-33
	android:name
		ADDED from src/main/AndroidManifest.xml:27:9-47
uses-feature#android.hardware.camera.autofocus
ADDED from src/main/AndroidManifest.xml:30:5-32:35
MERGED from [:card.io-5.3.0:] AndroidManifest.xml:17:5-19:36
	android:required
		ADDED from src/main/AndroidManifest.xml:32:9-32
	android:name
		ADDED from src/main/AndroidManifest.xml:31:9-57
uses-feature#android.hardware.camera.flash
ADDED from src/main/AndroidManifest.xml:33:5-35:35
	android:required
		ADDED from src/main/AndroidManifest.xml:35:9-32
	android:name
		ADDED from src/main/AndroidManifest.xml:34:9-53
application
ADDED from src/main/AndroidManifest.xml:37:5-87:19
MERGED from [:VisaCheckout-Android-SDK-4.3:] AndroidManifest.xml:11:5-22:19
MERGED from [:facebook-android-sdk-3.23.1:] AndroidManifest.xml:24:5-20
MERGED from [:card.io-5.3.0:] AndroidManifest.xml:21:5-26:19
MERGED from [:play-services-basement-8.1.0:] AndroidManifest.xml:20:5-24:19
MERGED from [:play-services-analytics-8.1.0:] AndroidManifest.xml:24:5-20
MERGED from [:play-services-ads-8.1.0:] AndroidManifest.xml:24:5-32:19
MERGED from [com.android.support:design:24.2.0] AndroidManifest.xml:22:5-20
MERGED from [com.android.support:appcompat-v7:24.2.0] AndroidManifest.xml:25:5-20
MERGED from [com.android.support:support-vector-drawable:24.2.0] AndroidManifest.xml:23:5-20
MERGED from [com.android.support:support-compat:24.2.0] AndroidManifest.xml:25:5-20
MERGED from [com.android.support:animated-vector-drawable:24.2.0] AndroidManifest.xml:22:5-20
MERGED from [com.android.support:support-v4:24.2.0] AndroidManifest.xml:25:5-20
MERGED from [com.android.support:support-core-utils:24.2.0] AndroidManifest.xml:25:5-20
MERGED from [com.android.support:support-media-compat:24.2.0] AndroidManifest.xml:25:5-20
MERGED from [com.android.support:support-core-ui:24.2.0] AndroidManifest.xml:25:5-20
MERGED from [com.android.support:support-fragment:24.2.0] AndroidManifest.xml:25:5-20
	android:label
		ADDED from src/main/AndroidManifest.xml:41:9-41
	android:allowBackup
		ADDED from src/main/AndroidManifest.xml:38:9-36
		REJECTED from [:VisaCheckout-Android-SDK-4.3:] AndroidManifest.xml:11:18-45
	android:theme
		ADDED from src/main/AndroidManifest.xml:42:9-40
	tools:replace
		ADDED from src/main/AndroidManifest.xml:43:9-72
activity#com.visa.checkout.VisaMcomActivity
ADDED from src/main/AndroidManifest.xml:46:9-48:100
	android:configChanges
		ADDED from src/main/AndroidManifest.xml:48:13-97
	android:name
		ADDED from src/main/AndroidManifest.xml:47:13-62
activity#com.visa.android.integration.checkoutsampleapp.app.PaymentStartActivity
ADDED from src/main/AndroidManifest.xml:49:9-52:52
	android:screenOrientation
		ADDED from src/main/AndroidManifest.xml:52:13-49
	android:label
		ADDED from src/main/AndroidManifest.xml:51:13-45
	android:name
		ADDED from src/main/AndroidManifest.xml:50:13-49
activity#com.visa.android.integration.checkoutsampleapp.app.PaymentSummaryActivity
ADDED from src/main/AndroidManifest.xml:53:9-56:52
	android:screenOrientation
		ADDED from src/main/AndroidManifest.xml:56:13-49
	android:label
		ADDED from src/main/AndroidManifest.xml:55:13-45
	android:name
		ADDED from src/main/AndroidManifest.xml:54:13-51
activity#com.visa.android.integration.checkoutsampleapp.app.ConfigurePaymentActivity
ADDED from src/main/AndroidManifest.xml:57:9-59:61
	android:screenOrientation
		ADDED from src/main/AndroidManifest.xml:59:13-49
	android:name
		ADDED from src/main/AndroidManifest.xml:58:13-53
activity#io.card.payment.CardIOActivity
ADDED from src/main/AndroidManifest.xml:62:9-66:52
MERGED from [:card.io-5.3.0:] AndroidManifest.xml:22:9-24:66
	android:screenOrientation
		ADDED from src/main/AndroidManifest.xml:66:13-49
	android:hardwareAccelerated
		ADDED from src/main/AndroidManifest.xml:65:13-47
	android:configChanges
		ADDED from src/main/AndroidManifest.xml:64:13-63
	android:name
		ADDED from src/main/AndroidManifest.xml:63:13-58
activity#io.card.payment.DataEntryActivity
ADDED from src/main/AndroidManifest.xml:67:9-69:52
MERGED from [:card.io-5.3.0:] AndroidManifest.xml:25:9-70
	android:screenOrientation
		ADDED from src/main/AndroidManifest.xml:69:13-49
	android:name
		ADDED from src/main/AndroidManifest.xml:68:13-61
meta-data#com.facebook.sdk.ApplicationId
ADDED from src/main/AndroidManifest.xml:72:9-74:55
	android:value
		ADDED from src/main/AndroidManifest.xml:74:13-52
	android:name
		ADDED from src/main/AndroidManifest.xml:73:13-58
activity#com.visa.android.integration.checkoutsampleapp.app.FirstScreen
ADDED from src/main/AndroidManifest.xml:76:9-84:20
	android:screenOrientation
		ADDED from src/main/AndroidManifest.xml:78:13-49
	android:name
		ADDED from src/main/AndroidManifest.xml:77:13-40
intent-filter#android.intent.action.MAIN+android.intent.category.LAUNCHER
ADDED from src/main/AndroidManifest.xml:79:13-83:29
action#android.intent.action.MAIN
ADDED from src/main/AndroidManifest.xml:80:17-69
	android:name
		ADDED from src/main/AndroidManifest.xml:80:25-66
category#android.intent.category.LAUNCHER
ADDED from src/main/AndroidManifest.xml:82:17-77
	android:name
		ADDED from src/main/AndroidManifest.xml:82:27-74
activity#com.visa.android.integration.checkoutsampleapp.app.listDrinksActivity
ADDED from src/main/AndroidManifest.xml:85:9-56
	android:name
		ADDED from src/main/AndroidManifest.xml:85:19-53
activity#com.visa.android.integration.checkoutsampleapp.app.addMerchantManually
ADDED from src/main/AndroidManifest.xml:86:9-66
	android:name
		ADDED from src/main/AndroidManifest.xml:86:19-54
uses-sdk
INJECTED from src/main/AndroidManifest.xml reason: use-sdk injection requested
MERGED from [:VisaCheckout-Android-SDK-4.3:] AndroidManifest.xml:7:5-9:41
MERGED from [:facebook-android-sdk-3.23.1:] AndroidManifest.xml:20:5-22:41
MERGED from [:card.io-5.3.0:] AndroidManifest.xml:7:5-9:41
MERGED from [:play-services-basement-8.1.0:] AndroidManifest.xml:18:5-42
MERGED from [:play-services-analytics-8.1.0:] AndroidManifest.xml:18:5-42
MERGED from [:play-services-ads-8.1.0:] AndroidManifest.xml:23:5-42
MERGED from [com.android.support:design:24.2.0] AndroidManifest.xml:20:5-43
MERGED from [com.android.support:appcompat-v7:24.2.0] AndroidManifest.xml:21:5-23:78
MERGED from [com.android.support:support-vector-drawable:24.2.0] AndroidManifest.xml:21:5-43
MERGED from [com.android.support:support-compat:24.2.0] AndroidManifest.xml:21:5-23:58
MERGED from [com.android.support:animated-vector-drawable:24.2.0] AndroidManifest.xml:20:5-44
MERGED from [com.android.support:support-v4:24.2.0] AndroidManifest.xml:21:5-23:54
MERGED from [com.android.support:support-core-utils:24.2.0] AndroidManifest.xml:21:5-23:61
MERGED from [com.android.support:support-media-compat:24.2.0] AndroidManifest.xml:21:5-23:63
MERGED from [com.android.support:support-core-ui:24.2.0] AndroidManifest.xml:21:5-23:58
MERGED from [com.android.support:support-fragment:24.2.0] AndroidManifest.xml:21:5-23:60
MERGED from [com.android.support:recyclerview-v7:24.2.0] AndroidManifest.xml:20:5-43
	tools:overrideLibrary
		ADDED from [com.android.support:appcompat-v7:24.2.0] AndroidManifest.xml:23:9-75
>>>>>>> 6a751608f7bebed5955ecaa055ab66641671b1bd
	android:targetSdkVersion
		INJECTED from src/main/AndroidManifest.xml
		INJECTED from src/main/AndroidManifest.xml
	android:minSdkVersion
		INJECTED from src/main/AndroidManifest.xml
		INJECTED from src/main/AndroidManifest.xml
activity#com.visa.checkout.VisaActivity
ADDED from [:VisaCheckout-Android-SDK-4.3:] AndroidManifest.xml:12:9-16:20
	android:label
		ADDED from [:VisaCheckout-Android-SDK-4.3:] AndroidManifest.xml:15:13-37
	android:configChanges
		ADDED from [:VisaCheckout-Android-SDK-4.3:] AndroidManifest.xml:14:13-74
	android:name
		ADDED from [:VisaCheckout-Android-SDK-4.3:] AndroidManifest.xml:13:13-58
activity#com.visa.checkout.VisaTransparentOverlayActivity
ADDED from [:VisaCheckout-Android-SDK-4.3:] AndroidManifest.xml:17:9-21:20
	android:configChanges
		ADDED from [:VisaCheckout-Android-SDK-4.3:] AndroidManifest.xml:19:13-74
	android:theme
		ADDED from [:VisaCheckout-Android-SDK-4.3:] AndroidManifest.xml:20:13-53
	android:name
		ADDED from [:VisaCheckout-Android-SDK-4.3:] AndroidManifest.xml:18:13-76
uses-feature#android.hardware.camera.autofocus
ADDED from [:card.io-5.3.0:] AndroidManifest.xml:17:5-19:36
	android:required
		ADDED from [:card.io-5.3.0:] AndroidManifest.xml:19:9-33
	android:name
		ADDED from [:card.io-5.3.0:] AndroidManifest.xml:18:9-57
activity#com.google.android.gms.common.api.GoogleApiActivity
ADDED from [com.google.android.gms:play-services-base:10.2.0] AndroidManifest.xml:19:9-172
	android:exported
		ADDED from [com.google.android.gms:play-services-base:10.2.0] AndroidManifest.xml:19:146-170
	android:theme
		ADDED from [com.google.android.gms:play-services-base:10.2.0] AndroidManifest.xml:19:86-145
	android:name
		ADDED from [com.google.android.gms:play-services-base:10.2.0] AndroidManifest.xml:19:19-85
meta-data#com.google.android.gms.version
ADDED from [com.google.android.gms:play-services-basement:10.2.0] AndroidManifest.xml:20:9-121
	android:value
		ADDED from [com.google.android.gms:play-services-basement:10.2.0] AndroidManifest.xml:20:66-119
	android:name
		ADDED from [com.google.android.gms:play-services-basement:10.2.0] AndroidManifest.xml:20:20-65
uses-permission#android.permission.WAKE_LOCK
ADDED from [com.google.android.gms:play-services-analytics:10.2.0] AndroidManifest.xml:24:5-67
MERGED from [com.google.android.gms:play-services-analytics-impl:10.2.0] AndroidManifest.xml:24:5-67
	android:name
		ADDED from [com.google.android.gms:play-services-analytics:10.2.0] AndroidManifest.xml:24:22-65